c:\users\jonasz rudnik\dropbox\c++\super_bomberman\super_bomberman\x64\debug\vc141.pdb
c:\users\jonasz rudnik\dropbox\c++\super_bomberman\super_bomberman\x64\debug\vc141.idb
c:\users\jonasz rudnik\dropbox\c++\super_bomberman\super_bomberman\x64\debug\bombermangame.obj
c:\users\jonasz rudnik\dropbox\c++\super_bomberman\super_bomberman\x64\debug\main.obj
c:\users\jonasz rudnik\dropbox\c++\super_bomberman\super_bomberman\x64\debug\player.obj
c:\users\spiral\dropbox\c++\super_bomberman\super_bomberman\x64\debug\vc141.pdb
c:\users\spiral\dropbox\c++\super_bomberman\super_bomberman\x64\debug\vc141.idb
c:\users\spiral\dropbox\c++\super_bomberman\super_bomberman\x64\debug\player.obj
c:\users\spiral\dropbox\c++\super_bomberman\super_bomberman\x64\debug\main.obj
c:\users\spiral\dropbox\c++\super_bomberman\super_bomberman\x64\debug\bombermangame.obj
c:\users\spiral\appdata\local\temp\lnk{38b400d7-f906-4eac-9017-c3f9fea1793a}.tmp
c:\users\spiral\appdata\local\temp\lnk{dc0d041e-b038-4974-a578-c1b241daa9ea}.tmp
c:\users\spiral\dropbox\c++\super_bomberman\x64\debug\super_bomberman.pdb
c:\users\spiral\dropbox\c++\super_bomberman\x64\debug\super_bomberman.exe
c:\users\spiral\dropbox\c++\super_bomberman\x64\debug\super_bomberman.ilk
c:\users\spiral\dropbox\c++\super_bomberman\super_bomberman\x64\debug\super_bomberman.tlog\cl.command.1.tlog
c:\users\spiral\dropbox\c++\super_bomberman\super_bomberman\x64\debug\super_bomberman.tlog\cl.read.1.tlog
c:\users\spiral\dropbox\c++\super_bomberman\super_bomberman\x64\debug\super_bomberman.tlog\cl.write.1.tlog
c:\users\spiral\dropbox\c++\super_bomberman\super_bomberman\x64\debug\super_bomberman.tlog\link-cvtres.read.1.tlog
c:\users\spiral\dropbox\c++\super_bomberman\super_bomberman\x64\debug\super_bomberman.tlog\link-cvtres.write.1.tlog
c:\users\spiral\dropbox\c++\super_bomberman\super_bomberman\x64\debug\super_bomberman.tlog\link-rc.read.1.tlog
c:\users\spiral\dropbox\c++\super_bomberman\super_bomberman\x64\debug\super_bomberman.tlog\link-rc.write.1.tlog
c:\users\spiral\dropbox\c++\super_bomberman\super_bomberman\x64\debug\super_bomberman.tlog\link.command.1.tlog
c:\users\spiral\dropbox\c++\super_bomberman\super_bomberman\x64\debug\super_bomberman.tlog\link.read.1.tlog
c:\users\spiral\dropbox\c++\super_bomberman\super_bomberman\x64\debug\super_bomberman.tlog\link.write.1.tlog
